<?xml version="1.0" encoding="UTF-8"?>
<testsuite xmlns:xsi="http://www.w3.org/2001/XMLSchema-instance" xsi:noNamespaceSchemaLocation="https://maven.apache.org/surefire/maven-surefire-plugin/xsd/surefire-test-report.xsd" version="3.0.2" name="com.steverhoton.poc.docprocessing.LambdaHandlerTest" time="1.237" tests="1" errors="0" skipped="0" failures="0">
  <properties>
[...]
</properties>
  <testcase name="testSimpleLambdaSuccess" classname="com.steverhoton.poc.docprocessing.LambdaHandlerTest" time="0.355">
    <system-out><![CDATA[2025-01-31 11:16:10,310 WARN  [io.net.res.dns.DnsServerAddressStreamProviders] (build-14) Can not find io.netty.resolver.dns.macos.MacOSDnsServerAddressStreamProvider in the classpath, fallback to system defaults. This may result in incorrect DNS resolutions on MacOS. Check whether you have a dependency on 'io.netty:netty-resolver-dns-native-macos'
2025-01-31 11:16:10,371 INFO  [io.qua.ama.lam.run.MockEventServer] (build-14) Mock Lambda Event Server Started
2025-01-31 11:16:10,673 INFO  [io.qua.ama.lam.run.AbstractLambdaPollLoop] (Lambda Thread (TEST)) Listening on: http://localhost:8081/_lambda_/2018-06-01/runtime/invocation/next
2025-01-31 11:16:10,679 INFO  [io.quarkus] (main) com.steverhoton.poc.docprocessing 1.0-SNAPSHOT on JVM (powered by Quarkus 3.18.1) started in 0.671s. 
2025-01-31 11:16:10,679 INFO  [io.quarkus] (main) Profile test activated. 
2025-01-31 11:16:10,679 INFO  [io.quarkus] (main) Installed features: [amazon-lambda, cdi]
]]></system-out>
  </testcase>
</testsuite>